[debug] [2023-08-12T09:07:22.133Z] ----------------------------------------------------------------------
[debug] [2023-08-12T09:07:22.136Z] Command:       C:\Program Files\nodejs\node.exe C:\Users\annas\AppData\Roaming\npm\node_modules\firebase-tools\lib\bin\firebase.js init
[debug] [2023-08-12T09:07:22.136Z] CLI Version:   12.4.7
[debug] [2023-08-12T09:07:22.137Z] Platform:      win32
[debug] [2023-08-12T09:07:22.137Z] Node Version:  v19.5.0
[debug] [2023-08-12T09:07:22.137Z] Time:          Sat Aug 12 2023 12:07:22 GMT+0300 (Москва, стандартное время)
[debug] [2023-08-12T09:07:22.137Z] ----------------------------------------------------------------------
[debug] 
[debug] [2023-08-12T09:07:22.218Z] > command requires scopes: ["email","openid","https://www.googleapis.com/auth/cloudplatformprojects.readonly","https://www.googleapis.com/auth/firebase","https://www.googleapis.com/auth/cloud-platform"]
[debug] [2023-08-12T09:07:22.219Z] > authorizing via signed-in user (annasan14052003@gmail.com)
[info] 
     ######## #### ########  ######## ########     ###     ######  ########
     ##        ##  ##     ## ##       ##     ##  ##   ##  ##       ##
     ######    ##  ########  ######   ########  #########  ######  ######
     ##        ##  ##    ##  ##       ##     ## ##     ##       ## ##
     ##       #### ##     ## ######## ########  ##     ##  ######  ########

You're about to initialize a Firebase project in this directory:

  C:\Users\annas\Desktop\site

Before we get started, keep in mind:

  * You are initializing within an existing Firebase project directory

